This file contains any messages produced by compilers while
running configure, to aid debugging if configure makes a mistake.

It was created by AGE configure 0.1.0, which was
generated by GNU Autoconf 2.69.  Invocation command line was

  $ ./configure 

## --------- ##
## Platform. ##
## --------- ##

hostname = localhost.localdomain
uname -m = x86_64
uname -r = 3.10.0-693.el7.x86_64
uname -s = Linux
uname -v = #1 SMP Tue Aug 22 21:09:27 UTC 2017

/usr/bin/uname -p = x86_64
/bin/uname -X     = unknown

/bin/arch              = x86_64
/usr/bin/arch -k       = unknown
/usr/convex/getsysinfo = unknown
/usr/bin/hostinfo      = unknown
/bin/machine           = unknown
/usr/bin/oslevel       = unknown
/bin/universe          = unknown

PATH: /usr/local/bin
PATH: /usr/bin
PATH: /usr/local/sbin
PATH: /usr/sbin
PATH: /home/liujinchun/.local/bin
PATH: /home/liujinchun/bin


## ----------- ##
## Core tests. ##
## ----------- ##

configure:2614: checking for a BSD-compatible install
configure:2682: result: /usr/bin/install -c
configure:2693: checking whether build environment is sane
configure:2748: result: yes
configure:2899: checking for a thread-safe mkdir -p
configure:2938: result: /usr/bin/mkdir -p
configure:2945: checking for gawk
configure:2961: found /usr/bin/gawk
configure:2972: result: gawk
configure:2983: checking whether make sets $(MAKE)
configure:3005: result: yes
configure:3034: checking whether make supports nested variables
configure:3051: result: yes
configure:3148: checking for gawk
configure:3175: result: gawk
configure:3244: checking for g++
configure:3260: found /usr/bin/g++
configure:3271: result: g++
configure:3298: checking for C++ compiler version
configure:3307: g++ --version >&5
g++ (GCC) 4.8.5 20150623 (Red Hat 4.8.5-16)
Copyright (C) 2015 Free Software Foundation, Inc.
This is free software; see the source for copying conditions.  There is NO
warranty; not even for MERCHANTABILITY or FITNESS FOR A PARTICULAR PURPOSE.

configure:3318: $? = 0
configure:3307: g++ -v >&5
Using built-in specs.
COLLECT_GCC=g++
COLLECT_LTO_WRAPPER=/usr/libexec/gcc/x86_64-redhat-linux/4.8.5/lto-wrapper
Target: x86_64-redhat-linux
Configured with: ../configure --prefix=/usr --mandir=/usr/share/man --infodir=/usr/share/info --with-bugurl=http://bugzilla.redhat.com/bugzilla --enable-bootstrap --enable-shared --enable-threads=posix --enable-checking=release --with-system-zlib --enable-__cxa_atexit --disable-libunwind-exceptions --enable-gnu-unique-object --enable-linker-build-id --with-linker-hash-style=gnu --enable-languages=c,c++,objc,obj-c++,java,fortran,ada,go,lto --enable-plugin --enable-initfini-array --disable-libgcj --with-isl=/builddir/build/BUILD/gcc-4.8.5-20150702/obj-x86_64-redhat-linux/isl-install --with-cloog=/builddir/build/BUILD/gcc-4.8.5-20150702/obj-x86_64-redhat-linux/cloog-install --enable-gnu-indirect-function --with-tune=generic --with-arch_32=x86-64 --build=x86_64-redhat-linux
Thread model: posix
gcc version 4.8.5 20150623 (Red Hat 4.8.5-16) (GCC) 
configure:3318: $? = 0
configure:3307: g++ -V >&5
g++: error: unrecognized command line option '-V'
g++: fatal error: no input files
compilation terminated.
configure:3318: $? = 4
configure:3307: g++ -qversion >&5
g++: error: unrecognized command line option '-qversion'
g++: fatal error: no input files
compilation terminated.
configure:3318: $? = 4
configure:3338: checking whether the C++ compiler works
configure:3360: g++    conftest.cpp  >&5
configure:3364: $? = 0
configure:3412: result: yes
configure:3415: checking for C++ compiler default output file name
configure:3417: result: a.out
configure:3423: checking for suffix of executables
configure:3430: g++ -o conftest    conftest.cpp  >&5
configure:3434: $? = 0
configure:3456: result: 
configure:3478: checking whether we are cross compiling
configure:3486: g++ -o conftest    conftest.cpp  >&5
configure:3490: $? = 0
configure:3497: ./conftest
configure:3501: $? = 0
configure:3516: result: no
configure:3521: checking for suffix of object files
configure:3543: g++ -c   conftest.cpp >&5
configure:3547: $? = 0
configure:3568: result: o
configure:3572: checking whether we are using the GNU C++ compiler
configure:3591: g++ -c   conftest.cpp >&5
configure:3591: $? = 0
configure:3600: result: yes
configure:3609: checking whether g++ accepts -g
configure:3629: g++ -c -g  conftest.cpp >&5
configure:3629: $? = 0
configure:3670: result: yes
configure:3704: checking for style of include used by make
configure:3732: result: GNU
configure:3758: checking dependency style of g++
configure:3869: result: gcc3
configure:3932: checking for gcc
configure:3948: found /usr/bin/gcc
configure:3959: result: gcc
configure:4188: checking for C compiler version
configure:4197: gcc --version >&5
gcc (GCC) 4.8.5 20150623 (Red Hat 4.8.5-16)
Copyright (C) 2015 Free Software Foundation, Inc.
This is free software; see the source for copying conditions.  There is NO
warranty; not even for MERCHANTABILITY or FITNESS FOR A PARTICULAR PURPOSE.

configure:4208: $? = 0
configure:4197: gcc -v >&5
Using built-in specs.
COLLECT_GCC=gcc
COLLECT_LTO_WRAPPER=/usr/libexec/gcc/x86_64-redhat-linux/4.8.5/lto-wrapper
Target: x86_64-redhat-linux
Configured with: ../configure --prefix=/usr --mandir=/usr/share/man --infodir=/usr/share/info --with-bugurl=http://bugzilla.redhat.com/bugzilla --enable-bootstrap --enable-shared --enable-threads=posix --enable-checking=release --with-system-zlib --enable-__cxa_atexit --disable-libunwind-exceptions --enable-gnu-unique-object --enable-linker-build-id --with-linker-hash-style=gnu --enable-languages=c,c++,objc,obj-c++,java,fortran,ada,go,lto --enable-plugin --enable-initfini-array --disable-libgcj --with-isl=/builddir/build/BUILD/gcc-4.8.5-20150702/obj-x86_64-redhat-linux/isl-install --with-cloog=/builddir/build/BUILD/gcc-4.8.5-20150702/obj-x86_64-redhat-linux/cloog-install --enable-gnu-indirect-function --with-tune=generic --with-arch_32=x86-64 --build=x86_64-redhat-linux
Thread model: posix
gcc version 4.8.5 20150623 (Red Hat 4.8.5-16) (GCC) 
configure:4208: $? = 0
configure:4197: gcc -V >&5
gcc: error: unrecognized command line option '-V'
gcc: fatal error: no input files
compilation terminated.
configure:4208: $? = 4
configure:4197: gcc -qversion >&5
gcc: error: unrecognized command line option '-qversion'
gcc: fatal error: no input files
compilation terminated.
configure:4208: $? = 4
configure:4212: checking whether we are using the GNU C compiler
configure:4231: gcc -c   conftest.c >&5
configure:4231: $? = 0
configure:4240: result: yes
configure:4249: checking whether gcc accepts -g
configure:4269: gcc -c -g  conftest.c >&5
configure:4269: $? = 0
configure:4310: result: yes
configure:4327: checking for gcc option to accept ISO C89
configure:4390: gcc  -c -g -O2  conftest.c >&5
configure:4390: $? = 0
configure:4403: result: none needed
configure:4425: checking dependency style of gcc
configure:4536: result: gcc3
configure:4552: checking whether make sets $(MAKE)
configure:4574: result: yes
configure:4612: checking build system type
configure:4626: result: x86_64-unknown-linux-gnu
configure:4646: checking host system type
configure:4659: result: x86_64-unknown-linux-gnu
configure:4700: checking how to print strings
configure:4727: result: printf
configure:4748: checking for a sed that does not truncate output
configure:4812: result: /usr/bin/sed
configure:4830: checking for grep that handles long lines and -e
configure:4888: result: /usr/bin/grep
configure:4893: checking for egrep
configure:4955: result: /usr/bin/grep -E
configure:4960: checking for fgrep
configure:5022: result: /usr/bin/grep -F
configure:5057: checking for ld used by gcc
configure:5124: result: /usr/bin/ld
configure:5131: checking if the linker (/usr/bin/ld) is GNU ld
configure:5146: result: yes
configure:5158: checking for BSD- or MS-compatible name lister (nm)
configure:5207: result: /usr/bin/nm -B
configure:5337: checking the name lister (/usr/bin/nm -B) interface
configure:5344: g++ -c -g -O2  conftest.cpp >&5
configure:5347: /usr/bin/nm -B "conftest.o"
configure:5350: output
0000000000000000 B some_variable
configure:5357: result: BSD nm
configure:5360: checking whether ln -s works
configure:5364: result: yes
configure:5372: checking the maximum length of command line arguments
configure:5502: result: 1572864
configure:5519: checking whether the shell understands some XSI constructs
configure:5529: result: yes
configure:5533: checking whether the shell understands "+="
configure:5539: result: yes
configure:5574: checking how to convert x86_64-unknown-linux-gnu file names to x86_64-unknown-linux-gnu format
configure:5614: result: func_convert_file_noop
configure:5621: checking how to convert x86_64-unknown-linux-gnu file names to toolchain format
configure:5641: result: func_convert_file_noop
configure:5648: checking for /usr/bin/ld option to reload object files
configure:5655: result: -r
configure:5729: checking for objdump
configure:5745: found /usr/bin/objdump
configure:5756: result: objdump
configure:5788: checking how to recognize dependent libraries
configure:5990: result: pass_all
configure:6075: checking for dlltool
configure:6105: result: no
configure:6135: checking how to associate runtime and link libraries
configure:6162: result: printf %s\n
configure:6223: checking for ar
configure:6239: found /usr/bin/ar
configure:6250: result: ar
configure:6287: checking for archiver @FILE support
configure:6304: g++ -c -g -O2  conftest.cpp >&5
configure:6304: $? = 0
configure:6307: ar cru libconftest.a @conftest.lst >&5
configure:6310: $? = 0
configure:6315: ar cru libconftest.a @conftest.lst >&5
ar: conftest.o: No such file or directory
configure:6318: $? = 1
configure:6330: result: @
configure:6388: checking for strip
configure:6404: found /usr/bin/strip
configure:6415: result: strip
configure:6487: checking for ranlib
configure:6503: found /usr/bin/ranlib
configure:6514: result: ranlib
configure:6616: checking command to parse /usr/bin/nm -B output from gcc object
configure:6736: g++ -c -g -O2  conftest.cpp >&5
configure:6739: $? = 0
configure:6743: /usr/bin/nm -B conftest.o \| sed -n -e 's/^.*[ ]\([ABCDGIRSTW][ABCDGIRSTW]*\)[ ][ ]*\([_A-Za-z][_A-Za-z0-9]*\)$/\1 \2 \2/p' | sed '/ __gnu_lto/d' \> conftest.nm
configure:6746: $? = 0
configure:6812: g++ -o conftest -g -O2   conftest.cpp conftstm.o >&5
configure:6815: $? = 0
configure:6853: result: ok
configure:6890: checking for sysroot
configure:6920: result: no
configure:6998: g++ -c -g -O2  conftest.cpp >&5
configure:7001: $? = 0
configure:7177: checking for mt
configure:7207: result: no
configure:7227: checking if : is a manifest tool
configure:7233: : '-?'
configure:7241: result: no
configure:7883: checking how to run the C preprocessor
configure:7914: gcc -E  conftest.c
configure:7914: $? = 0
configure:7928: gcc -E  conftest.c
conftest.c:11:28: fatal error: ac_nonexistent.h: No such file or directory
 #include <ac_nonexistent.h>
                            ^
compilation terminated.
configure:7928: $? = 1
configure: failed program was:
| /* confdefs.h */
| #define PACKAGE_NAME "AGE"
| #define PACKAGE_TARNAME "age"
| #define PACKAGE_VERSION "0.1.0"
| #define PACKAGE_STRING "AGE 0.1.0"
| #define PACKAGE_BUGREPORT "jc.liuworld@hotmail.com"
| #define PACKAGE_URL ""
| #define PACKAGE "age"
| #define VERSION "0.1.0"
| /* end confdefs.h.  */
| #include <ac_nonexistent.h>
configure:7953: result: gcc -E
configure:7973: gcc -E  conftest.c
configure:7973: $? = 0
configure:7987: gcc -E  conftest.c
conftest.c:11:28: fatal error: ac_nonexistent.h: No such file or directory
 #include <ac_nonexistent.h>
                            ^
compilation terminated.
configure:7987: $? = 1
configure: failed program was:
| /* confdefs.h */
| #define PACKAGE_NAME "AGE"
| #define PACKAGE_TARNAME "age"
| #define PACKAGE_VERSION "0.1.0"
| #define PACKAGE_STRING "AGE 0.1.0"
| #define PACKAGE_BUGREPORT "jc.liuworld@hotmail.com"
| #define PACKAGE_URL ""
| #define PACKAGE "age"
| #define VERSION "0.1.0"
| /* end confdefs.h.  */
| #include <ac_nonexistent.h>
configure:8016: checking for ANSI C header files
configure:8036: gcc -c -g -O2  conftest.c >&5
configure:8036: $? = 0
configure:8109: gcc -o conftest -g -O2   conftest.c  >&5
configure:8109: $? = 0
configure:8109: ./conftest
configure:8109: $? = 0
configure:8120: result: yes
configure:8133: checking for sys/types.h
configure:8133: gcc -c -g -O2  conftest.c >&5
configure:8133: $? = 0
configure:8133: result: yes
configure:8133: checking for sys/stat.h
configure:8133: gcc -c -g -O2  conftest.c >&5
configure:8133: $? = 0
configure:8133: result: yes
configure:8133: checking for stdlib.h
configure:8133: gcc -c -g -O2  conftest.c >&5
configure:8133: $? = 0
configure:8133: result: yes
configure:8133: checking for string.h
configure:8133: gcc -c -g -O2  conftest.c >&5
configure:8133: $? = 0
configure:8133: result: yes
configure:8133: checking for memory.h
configure:8133: gcc -c -g -O2  conftest.c >&5
configure:8133: $? = 0
configure:8133: result: yes
configure:8133: checking for strings.h
configure:8133: gcc -c -g -O2  conftest.c >&5
configure:8133: $? = 0
configure:8133: result: yes
configure:8133: checking for inttypes.h
configure:8133: gcc -c -g -O2  conftest.c >&5
configure:8133: $? = 0
configure:8133: result: yes
configure:8133: checking for stdint.h
configure:8133: gcc -c -g -O2  conftest.c >&5
configure:8133: $? = 0
configure:8133: result: yes
configure:8133: checking for unistd.h
configure:8133: gcc -c -g -O2  conftest.c >&5
configure:8133: $? = 0
configure:8133: result: yes
configure:8147: checking for dlfcn.h
configure:8147: gcc -c -g -O2  conftest.c >&5
configure:8147: $? = 0
configure:8147: result: yes
configure:8363: checking for objdir
configure:8378: result: .libs
configure:8645: checking if gcc supports -fno-rtti -fno-exceptions
configure:8663: gcc -c -g -O2  -fno-rtti -fno-exceptions conftest.c >&5
cc1: warning: command line option '-fno-rtti' is valid for C++/ObjC++ but not for C [enabled by default]
configure:8667: $? = 0
configure:8680: result: no
configure:9007: checking for gcc option to produce PIC
configure:9014: result: -fPIC -DPIC
configure:9022: checking if gcc PIC flag -fPIC -DPIC works
configure:9040: gcc -c -g -O2  -fPIC -DPIC -DPIC conftest.c >&5
configure:9044: $? = 0
configure:9057: result: yes
configure:9086: checking if gcc static flag -static works
configure:9114: result: no
configure:9129: checking if gcc supports -c -o file.o
configure:9150: gcc -c -g -O2  -o out/conftest2.o conftest.c >&5
configure:9154: $? = 0
configure:9176: result: yes
configure:9184: checking if gcc supports -c -o file.o
configure:9231: result: yes
configure:9264: checking whether the gcc linker (/usr/bin/ld -m elf_x86_64) supports shared libraries
configure:10417: result: yes
configure:10454: checking whether -lc should be explicitly linked in
configure:10462: gcc -c -g -O2  conftest.c >&5
configure:10465: $? = 0
configure:10480: gcc -shared  -fPIC -DPIC conftest.o  -v -Wl,-soname -Wl,conftest -o conftest 2\>\&1 \| /usr/bin/grep  -lc  \>/dev/null 2\>\&1
configure:10483: $? = 0
configure:10497: result: no
configure:10657: checking dynamic linker characteristics
configure:11168: gcc -o conftest -g -O2   -Wl,-rpath -Wl,/foo conftest.c  >&5
configure:11168: $? = 0
configure:11394: result: GNU/Linux ld.so
configure:11501: checking how to hardcode library paths into programs
configure:11526: result: immediate
configure:12066: checking whether stripping libraries is possible
configure:12071: result: yes
configure:12106: checking if libtool supports shared libraries
configure:12108: result: yes
configure:12111: checking whether to build shared libraries
configure:12132: result: yes
configure:12135: checking whether to build static libraries
configure:12139: result: yes
configure:12162: checking how to run the C++ preprocessor
configure:12189: g++ -E  conftest.cpp
configure:12189: $? = 0
configure:12203: g++ -E  conftest.cpp
conftest.cpp:23:28: fatal error: ac_nonexistent.h: No such file or directory
 #include <ac_nonexistent.h>
                            ^
compilation terminated.
configure:12203: $? = 1
configure: failed program was:
| /* confdefs.h */
| #define PACKAGE_NAME "AGE"
| #define PACKAGE_TARNAME "age"
| #define PACKAGE_VERSION "0.1.0"
| #define PACKAGE_STRING "AGE 0.1.0"
| #define PACKAGE_BUGREPORT "jc.liuworld@hotmail.com"
| #define PACKAGE_URL ""
| #define PACKAGE "age"
| #define VERSION "0.1.0"
| #define STDC_HEADERS 1
| #define HAVE_SYS_TYPES_H 1
| #define HAVE_SYS_STAT_H 1
| #define HAVE_STDLIB_H 1
| #define HAVE_STRING_H 1
| #define HAVE_MEMORY_H 1
| #define HAVE_STRINGS_H 1
| #define HAVE_INTTYPES_H 1
| #define HAVE_STDINT_H 1
| #define HAVE_UNISTD_H 1
| #define HAVE_DLFCN_H 1
| #define LT_OBJDIR ".libs/"
| /* end confdefs.h.  */
| #include <ac_nonexistent.h>
configure:12228: result: g++ -E
configure:12248: g++ -E  conftest.cpp
configure:12248: $? = 0
configure:12262: g++ -E  conftest.cpp
conftest.cpp:23:28: fatal error: ac_nonexistent.h: No such file or directory
 #include <ac_nonexistent.h>
                            ^
compilation terminated.
configure:12262: $? = 1
configure: failed program was:
| /* confdefs.h */
| #define PACKAGE_NAME "AGE"
| #define PACKAGE_TARNAME "age"
| #define PACKAGE_VERSION "0.1.0"
| #define PACKAGE_STRING "AGE 0.1.0"
| #define PACKAGE_BUGREPORT "jc.liuworld@hotmail.com"
| #define PACKAGE_URL ""
| #define PACKAGE "age"
| #define VERSION "0.1.0"
| #define STDC_HEADERS 1
| #define HAVE_SYS_TYPES_H 1
| #define HAVE_SYS_STAT_H 1
| #define HAVE_STDLIB_H 1
| #define HAVE_STRING_H 1
| #define HAVE_MEMORY_H 1
| #define HAVE_STRINGS_H 1
| #define HAVE_INTTYPES_H 1
| #define HAVE_STDINT_H 1
| #define HAVE_UNISTD_H 1
| #define HAVE_DLFCN_H 1
| #define LT_OBJDIR ".libs/"
| /* end confdefs.h.  */
| #include <ac_nonexistent.h>
configure:12431: checking for ld used by g++
configure:12498: result: /usr/bin/ld -m elf_x86_64
configure:12505: checking if the linker (/usr/bin/ld -m elf_x86_64) is GNU ld
configure:12520: result: yes
configure:12575: checking whether the g++ linker (/usr/bin/ld -m elf_x86_64) supports shared libraries
configure:13580: result: yes
configure:13616: g++ -c -g -O2  conftest.cpp >&5
configure:13619: $? = 0
configure:14139: checking for g++ option to produce PIC
configure:14146: result: -fPIC -DPIC
configure:14154: checking if g++ PIC flag -fPIC -DPIC works
configure:14172: g++ -c -g -O2  -fPIC -DPIC -DPIC conftest.cpp >&5
configure:14176: $? = 0
configure:14189: result: yes
configure:14212: checking if g++ static flag -static works
configure:14240: result: no
configure:14252: checking if g++ supports -c -o file.o
configure:14273: g++ -c -g -O2  -o out/conftest2.o conftest.cpp >&5
configure:14277: $? = 0
configure:14299: result: yes
configure:14304: checking if g++ supports -c -o file.o
configure:14351: result: yes
configure:14381: checking whether the g++ linker (/usr/bin/ld -m elf_x86_64) supports shared libraries
configure:14417: result: yes
configure:14558: checking dynamic linker characteristics
configure:15229: result: GNU/Linux ld.so
configure:15282: checking how to hardcode library paths into programs
configure:15307: result: immediate
configure:15385: checking for main in -lgd
configure:15404: g++ -o conftest -Werror -fno-strict-aliasing -Wno-deprecated  -Wall -g --std=gnu++11  -D_GUN_SOURCE -DBUILDTIME=1549168595 -DSVNINFO=   conftest.cpp -lgd   >&5
configure:15404: $? = 0
configure:15413: result: yes
configure:15425: checking for main in -llog4cxx
configure:15444: g++ -o conftest -Werror -fno-strict-aliasing -Wno-deprecated  -Wall -g --std=gnu++11  -D_GUN_SOURCE -DBUILDTIME=1549168595 -DSVNINFO=   conftest.cpp -llog4cxx  -lgd  >&5
configure:15444: $? = 0
configure:15453: result: yes
configure:15465: checking for main in -llua
configure:15484: g++ -o conftest -Werror -fno-strict-aliasing -Wno-deprecated  -Wall -g --std=gnu++11  -D_GUN_SOURCE -DBUILDTIME=1549168595 -DSVNINFO=   conftest.cpp -llua  -llog4cxx -lgd  >&5
configure:15484: $? = 0
configure:15493: result: yes
configure:15505: checking for main in -lluabind
configure:15524: g++ -o conftest -Werror -fno-strict-aliasing -Wno-deprecated  -Wall -g --std=gnu++11  -D_GUN_SOURCE -DBUILDTIME=1549168595 -DSVNINFO=   conftest.cpp -lluabind  -llua -llog4cxx -lgd  >&5
/usr/bin/ld: cannot find -lluabind
collect2: error: ld returned 1 exit status
configure:15524: $? = 1
configure: failed program was:
| /* confdefs.h */
| #define PACKAGE_NAME "AGE"
| #define PACKAGE_TARNAME "age"
| #define PACKAGE_VERSION "0.1.0"
| #define PACKAGE_STRING "AGE 0.1.0"
| #define PACKAGE_BUGREPORT "jc.liuworld@hotmail.com"
| #define PACKAGE_URL ""
| #define PACKAGE "age"
| #define VERSION "0.1.0"
| #define STDC_HEADERS 1
| #define HAVE_SYS_TYPES_H 1
| #define HAVE_SYS_STAT_H 1
| #define HAVE_STDLIB_H 1
| #define HAVE_STRING_H 1
| #define HAVE_MEMORY_H 1
| #define HAVE_STRINGS_H 1
| #define HAVE_INTTYPES_H 1
| #define HAVE_STDINT_H 1
| #define HAVE_UNISTD_H 1
| #define HAVE_DLFCN_H 1
| #define LT_OBJDIR ".libs/"
| #define HAVE_LIBGD 1
| #define HAVE_LIBLOG4CXX 1
| #define HAVE_LIBLUA 1
| /* end confdefs.h.  */
| 
| 
| int
| main ()
| {
| return main ();
|   ;
|   return 0;
| }
configure:15533: result: no
configure:15545: checking for main in -lpthread
configure:15564: g++ -o conftest -Werror -fno-strict-aliasing -Wno-deprecated  -Wall -g --std=gnu++11  -D_GUN_SOURCE -DBUILDTIME=1549168595 -DSVNINFO=   conftest.cpp -lpthread  -llua -llog4cxx -lgd  >&5
configure:15564: $? = 0
configure:15573: result: yes
configure:15585: checking for main in -lrt
configure:15604: g++ -o conftest -Werror -fno-strict-aliasing -Wno-deprecated  -Wall -g --std=gnu++11  -D_GUN_SOURCE -DBUILDTIME=1549168595 -DSVNINFO=   conftest.cpp -lrt  -lpthread -llua -llog4cxx -lgd  >&5
configure:15604: $? = 0
configure:15613: result: yes
configure:15625: checking for main in -lz
configure:15644: g++ -o conftest -Werror -fno-strict-aliasing -Wno-deprecated  -Wall -g --std=gnu++11  -D_GUN_SOURCE -DBUILDTIME=1549168595 -DSVNINFO=   conftest.cpp -lz  -lrt -lpthread -llua -llog4cxx -lgd  >&5
configure:15644: $? = 0
configure:15653: result: yes
configure:15665: checking for main in -lprotobuf
configure:15684: g++ -o conftest -Werror -fno-strict-aliasing -Wno-deprecated  -Wall -g --std=gnu++11  -D_GUN_SOURCE -DBUILDTIME=1549168595 -DSVNINFO=   conftest.cpp -lprotobuf  -lz -lrt -lpthread -llua -llog4cxx -lgd  >&5
configure:15684: $? = 0
configure:15693: result: yes
configure:15705: checking for main in -lgd
configure:15733: result: yes
configure:15744: checking for main in -llog4cxx
configure:15772: result: yes
configure:15783: checking for main in -lhiredis
configure:15802: g++ -o conftest -Werror -fno-strict-aliasing -Wno-deprecated  -Wall -g --std=gnu++11  -D_GUN_SOURCE -DBUILDTIME=1549168595 -DSVNINFO=   conftest.cpp -lhiredis  -lprotobuf -lz -lrt -lpthread -llua -llog4cxx -lgd  -lgd -llog4cxx >&5
configure:15802: $? = 0
configure:15811: result: yes
configure:15830: checking for main in -lpthread
configure:15858: result: yes
configure:15869: checking for main in -lrt
configure:15897: result: yes
configure:15908: checking for main in -lz
configure:15936: result: yes
configure:15947: checking for main in -lprotobuf
configure:15975: result: yes
configure:15995: checking for mysql_config
configure:16011: found /usr/bin/mysql_config
configure:16023: result: yes
configure:16053: checking for xml2-config
configure:16069: found /usr//bin/xml2-config
configure:16081: result: yes
configure:16102: checking for ANSI C header files
configure:16206: result: yes
configure:16217: checking arpa/inet.h usability
configure:16217: g++ -c -Werror -fno-strict-aliasing -Wno-deprecated  -Wall -g --std=gnu++11  -D_GUN_SOURCE -DBUILDTIME=1549168595 -DSVNINFO=  conftest.cpp >&5
configure:16217: $? = 0
configure:16217: result: yes
configure:16217: checking arpa/inet.h presence
configure:16217: g++ -E  conftest.cpp
configure:16217: $? = 0
configure:16217: result: yes
configure:16217: checking for arpa/inet.h
configure:16217: result: yes
configure:16217: checking fcntl.h usability
configure:16217: g++ -c -Werror -fno-strict-aliasing -Wno-deprecated  -Wall -g --std=gnu++11  -D_GUN_SOURCE -DBUILDTIME=1549168595 -DSVNINFO=  conftest.cpp >&5
configure:16217: $? = 0
configure:16217: result: yes
configure:16217: checking fcntl.h presence
configure:16217: g++ -E  conftest.cpp
configure:16217: $? = 0
configure:16217: result: yes
configure:16217: checking for fcntl.h
configure:16217: result: yes
configure:16217: checking limits.h usability
configure:16217: g++ -c -Werror -fno-strict-aliasing -Wno-deprecated  -Wall -g --std=gnu++11  -D_GUN_SOURCE -DBUILDTIME=1549168595 -DSVNINFO=  conftest.cpp >&5
configure:16217: $? = 0
configure:16217: result: yes
configure:16217: checking limits.h presence
configure:16217: g++ -E  conftest.cpp
configure:16217: $? = 0
configure:16217: result: yes
configure:16217: checking for limits.h
configure:16217: result: yes
configure:16217: checking stddef.h usability
configure:16217: g++ -c -Werror -fno-strict-aliasing -Wno-deprecated  -Wall -g --std=gnu++11  -D_GUN_SOURCE -DBUILDTIME=1549168595 -DSVNINFO=  conftest.cpp >&5
configure:16217: $? = 0
configure:16217: result: yes
configure:16217: checking stddef.h presence
configure:16217: g++ -E  conftest.cpp
configure:16217: $? = 0
configure:16217: result: yes
configure:16217: checking for stddef.h
configure:16217: result: yes
configure:16217: checking for stdlib.h
configure:16217: result: yes
configure:16217: checking for string.h
configure:16217: result: yes
configure:16217: checking sys/ioctl.h usability
configure:16217: g++ -c -Werror -fno-strict-aliasing -Wno-deprecated  -Wall -g --std=gnu++11  -D_GUN_SOURCE -DBUILDTIME=1549168595 -DSVNINFO=  conftest.cpp >&5
configure:16217: $? = 0
configure:16217: result: yes
configure:16217: checking sys/ioctl.h presence
configure:16217: g++ -E  conftest.cpp
configure:16217: $? = 0
configure:16217: result: yes
configure:16217: checking for sys/ioctl.h
configure:16217: result: yes
configure:16217: checking sys/socket.h usability
configure:16217: g++ -c -Werror -fno-strict-aliasing -Wno-deprecated  -Wall -g --std=gnu++11  -D_GUN_SOURCE -DBUILDTIME=1549168595 -DSVNINFO=  conftest.cpp >&5
configure:16217: $? = 0
configure:16217: result: yes
configure:16217: checking sys/socket.h presence
configure:16217: g++ -E  conftest.cpp
configure:16217: $? = 0
configure:16217: result: yes
configure:16217: checking for sys/socket.h
configure:16217: result: yes
configure:16217: checking sys/time.h usability
configure:16217: g++ -c -Werror -fno-strict-aliasing -Wno-deprecated  -Wall -g --std=gnu++11  -D_GUN_SOURCE -DBUILDTIME=1549168595 -DSVNINFO=  conftest.cpp >&5
configure:16217: $? = 0
configure:16217: result: yes
configure:16217: checking sys/time.h presence
configure:16217: g++ -E  conftest.cpp
configure:16217: $? = 0
configure:16217: result: yes
configure:16217: checking for sys/time.h
configure:16217: result: yes
configure:16217: checking for unistd.h
configure:16217: result: yes
configure:16229: checking for stdbool.h that conforms to C99
configure:16296: g++ -c -Werror -fno-strict-aliasing -Wno-deprecated  -Wall -g --std=gnu++11  -D_GUN_SOURCE -DBUILDTIME=1549168595 -DSVNINFO=  conftest.cpp >&5
conftest.cpp: In function 'int main()':
conftest.cpp:90:24: error: the address of 's' will always evaluate as 'true' [-Werror=address]
              bool e = &s;
                        ^
conftest.cpp:94:23: error: the address of 'a' will always evaluate as 'true' [-Werror=address]
              return (!a + !b + !c + !d + !e + !f + !g + !h + !i + !!j + !k + !!l
                       ^
conftest.cpp:94:28: error: the address of 'b' will always evaluate as 'true' [-Werror=address]
              return (!a + !b + !c + !d + !e + !f + !g + !h + !i + !!j + !k + !!l
                            ^
conftest.cpp:94:33: error: the address of 'c' will always evaluate as 'true' [-Werror=address]
              return (!a + !b + !c + !d + !e + !f + !g + !h + !i + !!j + !k + !!l
                                 ^
conftest.cpp:94:38: error: the address of 'd' will always evaluate as 'true' [-Werror=address]
              return (!a + !b + !c + !d + !e + !f + !g + !h + !i + !!j + !k + !!l
                                      ^
conftest.cpp:94:48: error: the address of 'f' will always evaluate as 'true' [-Werror=address]
              return (!a + !b + !c + !d + !e + !f + !g + !h + !i + !!j + !k + !!l
                                                ^
conftest.cpp:94:53: error: the address of 'g' will always evaluate as 'true' [-Werror=address]
              return (!a + !b + !c + !d + !e + !f + !g + !h + !i + !!j + !k + !!l
                                                     ^
conftest.cpp:94:58: error: the address of 'h' will always evaluate as 'true' [-Werror=address]
              return (!a + !b + !c + !d + !e + !f + !g + !h + !i + !!j + !k + !!l
                                                          ^
conftest.cpp:94:63: error: the address of 'i' will always evaluate as 'true' [-Werror=address]
              return (!a + !b + !c + !d + !e + !f + !g + !h + !i + !!j + !k + !!l
                                                               ^
conftest.cpp:95:30: error: the address of 'n' will always evaluate as 'true' [-Werror=address]
                              ^
conftest.cpp:95:35: error: the address of 'o' will always evaluate as 'true' [-Werror=address]
                                   ^
conftest.cpp:95:40: error: the address of 'p' will always evaluate as 'true' [-Werror=address]
                                        ^
cc1plus: all warnings being treated as errors
configure:16296: $? = 1
configure: failed program was:
| /* confdefs.h */
| #define PACKAGE_NAME "AGE"
| #define PACKAGE_TARNAME "age"
| #define PACKAGE_VERSION "0.1.0"
| #define PACKAGE_STRING "AGE 0.1.0"
| #define PACKAGE_BUGREPORT "jc.liuworld@hotmail.com"
| #define PACKAGE_URL ""
| #define PACKAGE "age"
| #define VERSION "0.1.0"
| #define STDC_HEADERS 1
| #define HAVE_SYS_TYPES_H 1
| #define HAVE_SYS_STAT_H 1
| #define HAVE_STDLIB_H 1
| #define HAVE_STRING_H 1
| #define HAVE_MEMORY_H 1
| #define HAVE_STRINGS_H 1
| #define HAVE_INTTYPES_H 1
| #define HAVE_STDINT_H 1
| #define HAVE_UNISTD_H 1
| #define HAVE_DLFCN_H 1
| #define LT_OBJDIR ".libs/"
| #define HAVE_LIBGD 1
| #define HAVE_LIBLOG4CXX 1
| #define HAVE_LIBLUA 1
| #define HAVE_LIBPTHREAD 1
| #define HAVE_LIBRT 1
| #define HAVE_LIBZ 1
| #define HAVE_LIBPROTOBUF 1
| #define STDC_HEADERS 1
| #define HAVE_ARPA_INET_H 1
| #define HAVE_FCNTL_H 1
| #define HAVE_LIMITS_H 1
| #define HAVE_STDDEF_H 1
| #define HAVE_STDLIB_H 1
| #define HAVE_STRING_H 1
| #define HAVE_SYS_IOCTL_H 1
| #define HAVE_SYS_SOCKET_H 1
| #define HAVE_SYS_TIME_H 1
| #define HAVE_UNISTD_H 1
| /* end confdefs.h.  */
| 
|              #include <stdbool.h>
|              #ifndef bool
|               "error: bool is not defined"
|              #endif
|              #ifndef false
|               "error: false is not defined"
|              #endif
|              #if false
|               "error: false is not 0"
|              #endif
|              #ifndef true
|               "error: true is not defined"
|              #endif
|              #if true != 1
|               "error: true is not 1"
|              #endif
|              #ifndef __bool_true_false_are_defined
|               "error: __bool_true_false_are_defined is not defined"
|              #endif
| 
|              struct s { _Bool s: 1; _Bool t; } s;
| 
|              char a[true == 1 ? 1 : -1];
|              char b[false == 0 ? 1 : -1];
|              char c[__bool_true_false_are_defined == 1 ? 1 : -1];
|              char d[(bool) 0.5 == true ? 1 : -1];
|              /* See body of main program for 'e'.  */
|              char f[(_Bool) 0.0 == false ? 1 : -1];
|              char g[true];
|              char h[sizeof (_Bool)];
|              char i[sizeof s.t];
|              enum { j = false, k = true, l = false * true, m = true * 256 };
|              /* The following fails for
|                 HP aC++/ANSI C B3910B A.05.55 [Dec 04 2003]. */
|              _Bool n[m];
|              char o[sizeof n == m * sizeof n[0] ? 1 : -1];
|              char p[-1 - (_Bool) 0 < 0 && -1 - (bool) 0 < 0 ? 1 : -1];
|              /* Catch a bug in an HP-UX C compiler.  See
|                 http://gcc.gnu.org/ml/gcc-patches/2003-12/msg02303.html
|                 http://lists.gnu.org/archive/html/bug-coreutils/2005-11/msg00161.html
|               */
|              _Bool q = true;
|              _Bool *pq = &q;
| 
| int
| main ()
| {
| 
|              bool e = &s;
|              *pq |= q;
|              *pq |= ! q;
|              /* Refer to every declared value, to avoid compiler optimizations.  */
|              return (!a + !b + !c + !d + !e + !f + !g + !h + !i + !!j + !k + !!l
|                      + !m + !n + !o + !p + !q + !pq);
| 
|   ;
|   return 0;
| }
configure:16303: result: no
configure:16305: checking for _Bool
configure:16305: g++ -c -Werror -fno-strict-aliasing -Wno-deprecated  -Wall -g --std=gnu++11  -D_GUN_SOURCE -DBUILDTIME=1549168595 -DSVNINFO=  conftest.cpp >&5
conftest.cpp: In function 'int main()':
conftest.cpp:77:13: error: '_Bool' was not declared in this scope
 if (sizeof (_Bool))
             ^
configure:16305: $? = 1
configure: failed program was:
| /* confdefs.h */
| #define PACKAGE_NAME "AGE"
| #define PACKAGE_TARNAME "age"
| #define PACKAGE_VERSION "0.1.0"
| #define PACKAGE_STRING "AGE 0.1.0"
| #define PACKAGE_BUGREPORT "jc.liuworld@hotmail.com"
| #define PACKAGE_URL ""
| #define PACKAGE "age"
| #define VERSION "0.1.0"
| #define STDC_HEADERS 1
| #define HAVE_SYS_TYPES_H 1
| #define HAVE_SYS_STAT_H 1
| #define HAVE_STDLIB_H 1
| #define HAVE_STRING_H 1
| #define HAVE_MEMORY_H 1
| #define HAVE_STRINGS_H 1
| #define HAVE_INTTYPES_H 1
| #define HAVE_STDINT_H 1
| #define HAVE_UNISTD_H 1
| #define HAVE_DLFCN_H 1
| #define LT_OBJDIR ".libs/"
| #define HAVE_LIBGD 1
| #define HAVE_LIBLOG4CXX 1
| #define HAVE_LIBLUA 1
| #define HAVE_LIBPTHREAD 1
| #define HAVE_LIBRT 1
| #define HAVE_LIBZ 1
| #define HAVE_LIBPROTOBUF 1
| #define STDC_HEADERS 1
| #define HAVE_ARPA_INET_H 1
| #define HAVE_FCNTL_H 1
| #define HAVE_LIMITS_H 1
| #define HAVE_STDDEF_H 1
| #define HAVE_STDLIB_H 1
| #define HAVE_STRING_H 1
| #define HAVE_SYS_IOCTL_H 1
| #define HAVE_SYS_SOCKET_H 1
| #define HAVE_SYS_TIME_H 1
| #define HAVE_UNISTD_H 1
| /* end confdefs.h.  */
| #include <stdio.h>
| #ifdef HAVE_SYS_TYPES_H
| # include <sys/types.h>
| #endif
| #ifdef HAVE_SYS_STAT_H
| # include <sys/stat.h>
| #endif
| #ifdef STDC_HEADERS
| # include <stdlib.h>
| # include <stddef.h>
| #else
| # ifdef HAVE_STDLIB_H
| #  include <stdlib.h>
| # endif
| #endif
| #ifdef HAVE_STRING_H
| # if !defined STDC_HEADERS && defined HAVE_MEMORY_H
| #  include <memory.h>
| # endif
| # include <string.h>
| #endif
| #ifdef HAVE_STRINGS_H
| # include <strings.h>
| #endif
| #ifdef HAVE_INTTYPES_H
| # include <inttypes.h>
| #endif
| #ifdef HAVE_STDINT_H
| # include <stdint.h>
| #endif
| #ifdef HAVE_UNISTD_H
| # include <unistd.h>
| #endif
| int
| main ()
| {
| if (sizeof (_Bool))
| 	 return 0;
|   ;
|   return 0;
| }
configure:16305: result: no
configure:16322: checking for an ANSI C-conforming const
configure:16388: g++ -c -Werror -fno-strict-aliasing -Wno-deprecated  -Wall -g --std=gnu++11  -D_GUN_SOURCE -DBUILDTIME=1549168595 -DSVNINFO=  conftest.cpp >&5
configure:16388: $? = 0
configure:16395: result: yes
configure:16403: checking for inline
configure:16419: g++ -c -Werror -fno-strict-aliasing -Wno-deprecated  -Wall -g --std=gnu++11  -D_GUN_SOURCE -DBUILDTIME=1549168595 -DSVNINFO=  conftest.cpp >&5
configure:16419: $? = 0
configure:16427: result: inline
configure:16445: checking for size_t
configure:16445: g++ -c -Werror -fno-strict-aliasing -Wno-deprecated  -Wall -g --std=gnu++11  -D_GUN_SOURCE -DBUILDTIME=1549168595 -DSVNINFO=  conftest.cpp >&5
configure:16445: $? = 0
configure:16445: g++ -c -Werror -fno-strict-aliasing -Wno-deprecated  -Wall -g --std=gnu++11  -D_GUN_SOURCE -DBUILDTIME=1549168595 -DSVNINFO=  conftest.cpp >&5
conftest.cpp: In function 'int main()':
conftest.cpp:77:20: error: expected primary-expression before ')' token
 if (sizeof ((size_t)))
                    ^
configure:16445: $? = 1
configure: failed program was:
| /* confdefs.h */
| #define PACKAGE_NAME "AGE"
| #define PACKAGE_TARNAME "age"
| #define PACKAGE_VERSION "0.1.0"
| #define PACKAGE_STRING "AGE 0.1.0"
| #define PACKAGE_BUGREPORT "jc.liuworld@hotmail.com"
| #define PACKAGE_URL ""
| #define PACKAGE "age"
| #define VERSION "0.1.0"
| #define STDC_HEADERS 1
| #define HAVE_SYS_TYPES_H 1
| #define HAVE_SYS_STAT_H 1
| #define HAVE_STDLIB_H 1
| #define HAVE_STRING_H 1
| #define HAVE_MEMORY_H 1
| #define HAVE_STRINGS_H 1
| #define HAVE_INTTYPES_H 1
| #define HAVE_STDINT_H 1
| #define HAVE_UNISTD_H 1
| #define HAVE_DLFCN_H 1
| #define LT_OBJDIR ".libs/"
| #define HAVE_LIBGD 1
| #define HAVE_LIBLOG4CXX 1
| #define HAVE_LIBLUA 1
| #define HAVE_LIBPTHREAD 1
| #define HAVE_LIBRT 1
| #define HAVE_LIBZ 1
| #define HAVE_LIBPROTOBUF 1
| #define STDC_HEADERS 1
| #define HAVE_ARPA_INET_H 1
| #define HAVE_FCNTL_H 1
| #define HAVE_LIMITS_H 1
| #define HAVE_STDDEF_H 1
| #define HAVE_STDLIB_H 1
| #define HAVE_STRING_H 1
| #define HAVE_SYS_IOCTL_H 1
| #define HAVE_SYS_SOCKET_H 1
| #define HAVE_SYS_TIME_H 1
| #define HAVE_UNISTD_H 1
| /* end confdefs.h.  */
| #include <stdio.h>
| #ifdef HAVE_SYS_TYPES_H
| # include <sys/types.h>
| #endif
| #ifdef HAVE_SYS_STAT_H
| # include <sys/stat.h>
| #endif
| #ifdef STDC_HEADERS
| # include <stdlib.h>
| # include <stddef.h>
| #else
| # ifdef HAVE_STDLIB_H
| #  include <stdlib.h>
| # endif
| #endif
| #ifdef HAVE_STRING_H
| # if !defined STDC_HEADERS && defined HAVE_MEMORY_H
| #  include <memory.h>
| # endif
| # include <string.h>
| #endif
| #ifdef HAVE_STRINGS_H
| # include <strings.h>
| #endif
| #ifdef HAVE_INTTYPES_H
| # include <inttypes.h>
| #endif
| #ifdef HAVE_STDINT_H
| # include <stdint.h>
| #endif
| #ifdef HAVE_UNISTD_H
| # include <unistd.h>
| #endif
| int
| main ()
| {
| if (sizeof ((size_t)))
| 	    return 0;
|   ;
|   return 0;
| }
configure:16445: result: yes
configure:16456: checking whether struct tm is in sys/time.h or time.h
configure:16476: g++ -c -Werror -fno-strict-aliasing -Wno-deprecated  -Wall -g --std=gnu++11  -D_GUN_SOURCE -DBUILDTIME=1549168595 -DSVNINFO=  conftest.cpp >&5
configure:16476: $? = 0
configure:16483: result: time.h
configure:16491: checking for working volatile
configure:16510: g++ -c -Werror -fno-strict-aliasing -Wno-deprecated  -Wall -g --std=gnu++11  -D_GUN_SOURCE -DBUILDTIME=1549168595 -DSVNINFO=  conftest.cpp >&5
configure:16510: $? = 0
configure:16517: result: yes
configure:16527: checking for error_at_line
configure:16543: g++ -o conftest -Werror -fno-strict-aliasing -Wno-deprecated  -Wall -g --std=gnu++11  -D_GUN_SOURCE -DBUILDTIME=1549168595 -DSVNINFO=   conftest.cpp -lprotobuf -lz -lrt -lpthread -llua -llog4cxx -lgd  -lgd -llog4cxx -lhiredis -lpthread -lrt -lz -lprotobuf >&5
configure:16543: $? = 0
configure:16551: result: yes
configure:16563: checking whether gcc needs -traditional
configure:16597: result: no
configure:16604: checking whether lstat correctly handles trailing slash
configure:16630: g++ -o conftest -Werror -fno-strict-aliasing -Wno-deprecated  -Wall -g --std=gnu++11  -D_GUN_SOURCE -DBUILDTIME=1549168595 -DSVNINFO=   conftest.cpp -lprotobuf -lz -lrt -lpthread -llua -llog4cxx -lgd  -lgd -llog4cxx -lhiredis -lpthread -lrt -lz -lprotobuf >&5
configure:16630: $? = 0
configure:16630: ./conftest
configure:16630: $? = 0
configure:16647: result: yes
configure:16666: checking whether lstat accepts an empty string
configure:16686: g++ -o conftest -Werror -fno-strict-aliasing -Wno-deprecated  -Wall -g --std=gnu++11  -D_GUN_SOURCE -DBUILDTIME=1549168595 -DSVNINFO=   conftest.cpp -lprotobuf -lz -lrt -lpthread -llua -llog4cxx -lgd  -lgd -llog4cxx -lhiredis -lpthread -lrt -lz -lprotobuf >&5
configure:16686: $? = 0
configure:16686: ./conftest
configure:16686: $? = 0
configure:16696: result: no
configure:16712: checking whether lstat correctly handles trailing slash
configure:16755: result: yes
configure:16774: checking for working memcmp
configure:16817: g++ -o conftest -Werror -fno-strict-aliasing -Wno-deprecated  -Wall -g --std=gnu++11  -D_GUN_SOURCE -DBUILDTIME=1549168595 -DSVNINFO=   conftest.cpp -lprotobuf -lz -lrt -lpthread -llua -llog4cxx -lgd  -lgd -llog4cxx -lhiredis -lpthread -lrt -lz -lprotobuf >&5
configure:16817: $? = 0
configure:16817: ./conftest
configure:16817: $? = 0
configure:16827: result: yes
configure:16836: checking return type of signal handlers
configure:16854: g++ -c -Werror -fno-strict-aliasing -Wno-deprecated  -Wall -g --std=gnu++11  -D_GUN_SOURCE -DBUILDTIME=1549168595 -DSVNINFO=  conftest.cpp >&5
conftest.cpp: In function 'int main()':
conftest.cpp:49:22: error: void value not ignored as it ought to be
 return *(signal (0, 0)) (0) == 1;
                      ^
configure:16854: $? = 1
configure: failed program was:
| /* confdefs.h */
| #define PACKAGE_NAME "AGE"
| #define PACKAGE_TARNAME "age"
| #define PACKAGE_VERSION "0.1.0"
| #define PACKAGE_STRING "AGE 0.1.0"
| #define PACKAGE_BUGREPORT "jc.liuworld@hotmail.com"
| #define PACKAGE_URL ""
| #define PACKAGE "age"
| #define VERSION "0.1.0"
| #define STDC_HEADERS 1
| #define HAVE_SYS_TYPES_H 1
| #define HAVE_SYS_STAT_H 1
| #define HAVE_STDLIB_H 1
| #define HAVE_STRING_H 1
| #define HAVE_MEMORY_H 1
| #define HAVE_STRINGS_H 1
| #define HAVE_INTTYPES_H 1
| #define HAVE_STDINT_H 1
| #define HAVE_UNISTD_H 1
| #define HAVE_DLFCN_H 1
| #define LT_OBJDIR ".libs/"
| #define HAVE_LIBGD 1
| #define HAVE_LIBLOG4CXX 1
| #define HAVE_LIBLUA 1
| #define HAVE_LIBPTHREAD 1
| #define HAVE_LIBRT 1
| #define HAVE_LIBZ 1
| #define HAVE_LIBPROTOBUF 1
| #define STDC_HEADERS 1
| #define HAVE_ARPA_INET_H 1
| #define HAVE_FCNTL_H 1
| #define HAVE_LIMITS_H 1
| #define HAVE_STDDEF_H 1
| #define HAVE_STDLIB_H 1
| #define HAVE_STRING_H 1
| #define HAVE_SYS_IOCTL_H 1
| #define HAVE_SYS_SOCKET_H 1
| #define HAVE_SYS_TIME_H 1
| #define HAVE_UNISTD_H 1
| #define LSTAT_FOLLOWS_SLASHED_SYMLINK 1
| #define LSTAT_FOLLOWS_SLASHED_SYMLINK 1
| /* end confdefs.h.  */
| #include <sys/types.h>
| #include <signal.h>
| 
| int
| main ()
| {
| return *(signal (0, 0)) (0) == 1;
|   ;
|   return 0;
| }
configure:16861: result: void
configure:16869: checking whether strerror_r is declared
configure:16869: g++ -c -Werror -fno-strict-aliasing -Wno-deprecated  -Wall -g --std=gnu++11  -D_GUN_SOURCE -DBUILDTIME=1549168595 -DSVNINFO=  conftest.cpp >&5
configure:16869: $? = 0
configure:16869: result: yes
configure:16882: checking for strerror_r
configure:16882: g++ -o conftest -Werror -fno-strict-aliasing -Wno-deprecated  -Wall -g --std=gnu++11  -D_GUN_SOURCE -DBUILDTIME=1549168595 -DSVNINFO=   conftest.cpp -lprotobuf -lz -lrt -lpthread -llua -llog4cxx -lgd  -lgd -llog4cxx -lhiredis -lpthread -lrt -lz -lprotobuf >&5
configure:16882: $? = 0
configure:16882: result: yes
configure:16891: checking whether strerror_r returns char *
configure:16915: g++ -c -Werror -fno-strict-aliasing -Wno-deprecated  -Wall -g --std=gnu++11  -D_GUN_SOURCE -DBUILDTIME=1549168595 -DSVNINFO=  conftest.cpp >&5
configure:16915: $? = 0
configure:16953: result: yes
configure:16964: checking for alarm
configure:16964: g++ -o conftest -Werror -fno-strict-aliasing -Wno-deprecated  -Wall -g --std=gnu++11  -D_GUN_SOURCE -DBUILDTIME=1549168595 -DSVNINFO=   conftest.cpp -lprotobuf -lz -lrt -lpthread -llua -llog4cxx -lgd  -lgd -llog4cxx -lhiredis -lpthread -lrt -lz -lprotobuf >&5
configure:16964: $? = 0
configure:16964: result: yes
configure:16964: checking for bzero
configure:16964: g++ -o conftest -Werror -fno-strict-aliasing -Wno-deprecated  -Wall -g --std=gnu++11  -D_GUN_SOURCE -DBUILDTIME=1549168595 -DSVNINFO=   conftest.cpp -lprotobuf -lz -lrt -lpthread -llua -llog4cxx -lgd  -lgd -llog4cxx -lhiredis -lpthread -lrt -lz -lprotobuf >&5
configure:16964: $? = 0
configure:16964: result: yes
configure:16964: checking for clock_gettime
configure:16964: g++ -o conftest -Werror -fno-strict-aliasing -Wno-deprecated  -Wall -g --std=gnu++11  -D_GUN_SOURCE -DBUILDTIME=1549168595 -DSVNINFO=   conftest.cpp -lprotobuf -lz -lrt -lpthread -llua -llog4cxx -lgd  -lgd -llog4cxx -lhiredis -lpthread -lrt -lz -lprotobuf >&5
configure:16964: $? = 0
configure:16964: result: yes
configure:16964: checking for inet_ntoa
configure:16964: g++ -o conftest -Werror -fno-strict-aliasing -Wno-deprecated  -Wall -g --std=gnu++11  -D_GUN_SOURCE -DBUILDTIME=1549168595 -DSVNINFO=   conftest.cpp -lprotobuf -lz -lrt -lpthread -llua -llog4cxx -lgd  -lgd -llog4cxx -lhiredis -lpthread -lrt -lz -lprotobuf >&5
configure:16964: $? = 0
configure:16964: result: yes
configure:16964: checking for memset
configure:16964: g++ -o conftest -Werror -fno-strict-aliasing -Wno-deprecated  -Wall -g --std=gnu++11  -D_GUN_SOURCE -DBUILDTIME=1549168595 -DSVNINFO=   conftest.cpp -lprotobuf -lz -lrt -lpthread -llua -llog4cxx -lgd  -lgd -llog4cxx -lhiredis -lpthread -lrt -lz -lprotobuf >&5
configure:16964: $? = 0
configure:16964: result: yes
configure:16964: checking for putenv
configure:16964: g++ -o conftest -Werror -fno-strict-aliasing -Wno-deprecated  -Wall -g --std=gnu++11  -D_GUN_SOURCE -DBUILDTIME=1549168595 -DSVNINFO=   conftest.cpp -lprotobuf -lz -lrt -lpthread -llua -llog4cxx -lgd  -lgd -llog4cxx -lhiredis -lpthread -lrt -lz -lprotobuf >&5
configure:16964: $? = 0
configure:16964: result: yes
configure:16964: checking for socket
configure:16964: g++ -o conftest -Werror -fno-strict-aliasing -Wno-deprecated  -Wall -g --std=gnu++11  -D_GUN_SOURCE -DBUILDTIME=1549168595 -DSVNINFO=   conftest.cpp -lprotobuf -lz -lrt -lpthread -llua -llog4cxx -lgd  -lgd -llog4cxx -lhiredis -lpthread -lrt -lz -lprotobuf >&5
configure:16964: $? = 0
configure:16964: result: yes
configure:16964: checking for strcasecmp
configure:16964: g++ -o conftest -Werror -fno-strict-aliasing -Wno-deprecated  -Wall -g --std=gnu++11  -D_GUN_SOURCE -DBUILDTIME=1549168595 -DSVNINFO=   conftest.cpp -lprotobuf -lz -lrt -lpthread -llua -llog4cxx -lgd  -lgd -llog4cxx -lhiredis -lpthread -lrt -lz -lprotobuf >&5
configure:16964: $? = 0
configure:16964: result: yes
configure:16964: checking for strerror
configure:16964: g++ -o conftest -Werror -fno-strict-aliasing -Wno-deprecated  -Wall -g --std=gnu++11  -D_GUN_SOURCE -DBUILDTIME=1549168595 -DSVNINFO=   conftest.cpp -lprotobuf -lz -lrt -lpthread -llua -llog4cxx -lgd  -lgd -llog4cxx -lhiredis -lpthread -lrt -lz -lprotobuf >&5
configure:16964: $? = 0
configure:16964: result: yes
configure:16964: checking for strtol
configure:16964: g++ -o conftest -Werror -fno-strict-aliasing -Wno-deprecated  -Wall -g --std=gnu++11  -D_GUN_SOURCE -DBUILDTIME=1549168595 -DSVNINFO=   conftest.cpp -lprotobuf -lz -lrt -lpthread -llua -llog4cxx -lgd  -lgd -llog4cxx -lhiredis -lpthread -lrt -lz -lprotobuf >&5
configure:16964: $? = 0
configure:16964: result: yes
configure:16964: checking for tzset
configure:16964: g++ -o conftest -Werror -fno-strict-aliasing -Wno-deprecated  -Wall -g --std=gnu++11  -D_GUN_SOURCE -DBUILDTIME=1549168595 -DSVNINFO=   conftest.cpp -lprotobuf -lz -lrt -lpthread -llua -llog4cxx -lgd  -lgd -llog4cxx -lhiredis -lpthread -lrt -lz -lprotobuf >&5
configure:16964: $? = 0
configure:16964: result: yes
configure:17085: checking that generated files are newer than configure
configure:17091: result: done
configure:17118: creating ./config.status

## ---------------------- ##
## Running config.status. ##
## ---------------------- ##

This file was extended by AGE config.status 0.1.0, which was
generated by GNU Autoconf 2.69.  Invocation command line was

  CONFIG_FILES    = 
  CONFIG_HEADERS  = 
  CONFIG_LINKS    = 
  CONFIG_COMMANDS = 
  $ ./config.status 

on localhost.localdomain

config.status:1188: creating Makefile
config.status:1188: creating sdk/Encrypt/Makefile
config.status:1188: creating sdk/Makefile
config.status:1188: creating DemoServer/Makefile
config.status:1188: creating protocol/Makefile
config.status:1188: creating config.h
config.status:1369: config.h is unchanged
config.status:1417: executing depfiles commands
config.status:1417: executing libtool commands

## ---------------- ##
## Cache variables. ##
## ---------------- ##

ac_cv_build=x86_64-unknown-linux-gnu
ac_cv_c_compiler_gnu=yes
ac_cv_c_const=yes
ac_cv_c_inline=inline
ac_cv_c_volatile=yes
ac_cv_cxx_compiler_gnu=yes
ac_cv_env_CCC_set=
ac_cv_env_CCC_value=
ac_cv_env_CC_set=
ac_cv_env_CC_value=
ac_cv_env_CFLAGS_set=
ac_cv_env_CFLAGS_value=
ac_cv_env_CPPFLAGS_set=
ac_cv_env_CPPFLAGS_value=
ac_cv_env_CPP_set=
ac_cv_env_CPP_value=
ac_cv_env_CXXCPP_set=
ac_cv_env_CXXCPP_value=
ac_cv_env_CXXFLAGS_set=
ac_cv_env_CXXFLAGS_value=
ac_cv_env_CXX_set=
ac_cv_env_CXX_value=
ac_cv_env_LDFLAGS_set=
ac_cv_env_LDFLAGS_value=
ac_cv_env_LIBS_set=
ac_cv_env_LIBS_value=
ac_cv_env_build_alias_set=
ac_cv_env_build_alias_value=
ac_cv_env_host_alias_set=
ac_cv_env_host_alias_value=
ac_cv_env_target_alias_set=
ac_cv_env_target_alias_value=
ac_cv_func_alarm=yes
ac_cv_func_bzero=yes
ac_cv_func_clock_gettime=yes
ac_cv_func_inet_ntoa=yes
ac_cv_func_lstat_dereferences_slashed_symlink=yes
ac_cv_func_lstat_empty_string_bug=no
ac_cv_func_memcmp_working=yes
ac_cv_func_memset=yes
ac_cv_func_putenv=yes
ac_cv_func_socket=yes
ac_cv_func_strcasecmp=yes
ac_cv_func_strerror=yes
ac_cv_func_strerror_r=yes
ac_cv_func_strerror_r_char_p=yes
ac_cv_func_strtol=yes
ac_cv_func_tzset=yes
ac_cv_have_decl_strerror_r=yes
ac_cv_header_arpa_inet_h=yes
ac_cv_header_dlfcn_h=yes
ac_cv_header_fcntl_h=yes
ac_cv_header_inttypes_h=yes
ac_cv_header_limits_h=yes
ac_cv_header_memory_h=yes
ac_cv_header_stdbool_h=no
ac_cv_header_stdc=yes
ac_cv_header_stddef_h=yes
ac_cv_header_stdint_h=yes
ac_cv_header_stdlib_h=yes
ac_cv_header_string_h=yes
ac_cv_header_strings_h=yes
ac_cv_header_sys_ioctl_h=yes
ac_cv_header_sys_socket_h=yes
ac_cv_header_sys_stat_h=yes
ac_cv_header_sys_time_h=yes
ac_cv_header_sys_types_h=yes
ac_cv_header_unistd_h=yes
ac_cv_host=x86_64-unknown-linux-gnu
ac_cv_lib_error_at_line=yes
ac_cv_lib_gd=ac_cv_lib_gd_main
ac_cv_lib_gd_main=yes
ac_cv_lib_hiredis=ac_cv_lib_hiredis_main
ac_cv_lib_hiredis_main=yes
ac_cv_lib_log4cxx=ac_cv_lib_log4cxx_main
ac_cv_lib_log4cxx_main=yes
ac_cv_lib_lua_main=yes
ac_cv_lib_luabind_main=no
ac_cv_lib_protobuf=ac_cv_lib_protobuf_main
ac_cv_lib_protobuf_main=yes
ac_cv_lib_pthread=ac_cv_lib_pthread_main
ac_cv_lib_pthread_main=yes
ac_cv_lib_rt=ac_cv_lib_rt_main
ac_cv_lib_rt_main=yes
ac_cv_lib_z=ac_cv_lib_z_main
ac_cv_lib_z_main=yes
ac_cv_objext=o
ac_cv_path_EGREP='/usr/bin/grep -E'
ac_cv_path_FGREP='/usr/bin/grep -F'
ac_cv_path_GREP=/usr/bin/grep
ac_cv_path_SED=/usr/bin/sed
ac_cv_path_install='/usr/bin/install -c'
ac_cv_path_mkdir=/usr/bin/mkdir
ac_cv_prog_AWK=gawk
ac_cv_prog_CPP='gcc -E'
ac_cv_prog_CXXCPP='g++ -E'
ac_cv_prog_MYSQL_CONFIG=yes
ac_cv_prog_XML2_CONFIG=yes
ac_cv_prog_ac_ct_AR=ar
ac_cv_prog_ac_ct_CC=gcc
ac_cv_prog_ac_ct_CXX=g++
ac_cv_prog_ac_ct_OBJDUMP=objdump
ac_cv_prog_ac_ct_RANLIB=ranlib
ac_cv_prog_ac_ct_STRIP=strip
ac_cv_prog_cc_c89=
ac_cv_prog_cc_g=yes
ac_cv_prog_cxx_g=yes
ac_cv_prog_gcc_traditional=no
ac_cv_prog_make_make_set=yes
ac_cv_struct_tm=time.h
ac_cv_type__Bool=no
ac_cv_type_signal=void
ac_cv_type_size_t=yes
am_cv_CC_dependencies_compiler_type=gcc3
am_cv_CXX_dependencies_compiler_type=gcc3
am_cv_make_support_nested_variables=yes
lt_cv_ar_at_file=@
lt_cv_archive_cmds_need_lc=no
lt_cv_deplibs_check_method=pass_all
lt_cv_file_magic_cmd='$MAGIC_CMD'
lt_cv_file_magic_test_file=
lt_cv_ld_reload_flag=-r
lt_cv_nm_interface='BSD nm'
lt_cv_objdir=.libs
lt_cv_path_LD=/usr/bin/ld
lt_cv_path_LDCXX='/usr/bin/ld -m elf_x86_64'
lt_cv_path_NM='/usr/bin/nm -B'
lt_cv_path_mainfest_tool=no
lt_cv_prog_compiler_c_o=yes
lt_cv_prog_compiler_c_o_CXX=yes
lt_cv_prog_compiler_pic='-fPIC -DPIC'
lt_cv_prog_compiler_pic_CXX='-fPIC -DPIC'
lt_cv_prog_compiler_pic_works=yes
lt_cv_prog_compiler_pic_works_CXX=yes
lt_cv_prog_compiler_rtti_exceptions=no
lt_cv_prog_compiler_static_works=no
lt_cv_prog_compiler_static_works_CXX=no
lt_cv_prog_gnu_ld=yes
lt_cv_prog_gnu_ldcxx=yes
lt_cv_sharedlib_from_linklib_cmd='printf %s\n'
lt_cv_shlibpath_overrides_runpath=no
lt_cv_sys_global_symbol_pipe='sed -n -e '\''s/^.*[	 ]\([ABCDGIRSTW][ABCDGIRSTW]*\)[	 ][	 ]*\([_A-Za-z][_A-Za-z0-9]*\)$/\1 \2 \2/p'\'' | sed '\''/ __gnu_lto/d'\'''
lt_cv_sys_global_symbol_to_c_name_address='sed -n -e '\''s/^: \([^ ]*\)[ ]*$/  {\"\1\", (void *) 0},/p'\'' -e '\''s/^[ABCDGIRSTW]* \([^ ]*\) \([^ ]*\)$/  {"\2", (void *) \&\2},/p'\'''
lt_cv_sys_global_symbol_to_c_name_address_lib_prefix='sed -n -e '\''s/^: \([^ ]*\)[ ]*$/  {\"\1\", (void *) 0},/p'\'' -e '\''s/^[ABCDGIRSTW]* \([^ ]*\) \(lib[^ ]*\)$/  {"\2", (void *) \&\2},/p'\'' -e '\''s/^[ABCDGIRSTW]* \([^ ]*\) \([^ ]*\)$/  {"lib\2", (void *) \&\2},/p'\'''
lt_cv_sys_global_symbol_to_cdecl='sed -n -e '\''s/^T .* \(.*\)$/extern int \1();/p'\'' -e '\''s/^[ABCDGIRSTW]* .* \(.*\)$/extern char \1;/p'\'''
lt_cv_sys_max_cmd_len=1572864
lt_cv_to_host_file_cmd=func_convert_file_noop
lt_cv_to_tool_file_cmd=func_convert_file_noop

## ----------------- ##
## Output variables. ##
## ----------------- ##

ACLOCAL='${SHELL} /home/liujinchun/RUDP/age_sdk/missing aclocal-1.13'
AMDEPBACKSLASH='\'
AMDEP_FALSE='#'
AMDEP_TRUE=''
AMTAR='$${TAR-tar}'
AM_BACKSLASH='\'
AM_DEFAULT_V='$(AM_DEFAULT_VERBOSITY)'
AM_DEFAULT_VERBOSITY='1'
AM_V='$(V)'
AR='ar'
AUTOCONF='${SHELL} /home/liujinchun/RUDP/age_sdk/missing autoconf'
AUTOHEADER='${SHELL} /home/liujinchun/RUDP/age_sdk/missing autoheader'
AUTOMAKE='${SHELL} /home/liujinchun/RUDP/age_sdk/missing automake-1.13'
AWK='gawk'
CC='gcc'
CCDEPMODE='depmode=gcc3'
CFLAGS='-g -O2'
CPP='gcc -E'
CPPFLAGS=''
CXX='g++'
CXXCPP='g++ -E'
CXXDEPMODE='depmode=gcc3'
CXXFLAGS='-Werror -fno-strict-aliasing -Wno-deprecated  -Wall -g --std=gnu++11  -D_GUN_SOURCE -DBUILDTIME=1549168595 -DSVNINFO='
CXXFLAGS_MYSQL='-I/usr/include/mysql'
CXXFLAGS_XML2='-I/usr/include/libxml2'
CYGPATH_W='echo'
DEFS='-DHAVE_CONFIG_H'
DEPDIR='.deps'
DLLTOOL='false'
DSYMUTIL=''
DUMPBIN=''
ECHO_C=''
ECHO_N='-n'
ECHO_T=''
EGREP='/usr/bin/grep -E'
EXEEXT=''
FGREP='/usr/bin/grep -F'
GREP='/usr/bin/grep'
INSTALL_DATA='${INSTALL} -m 644'
INSTALL_PROGRAM='${INSTALL}'
INSTALL_SCRIPT='${INSTALL}'
INSTALL_STRIP_PROGRAM='$(install_sh) -c -s'
LD='/usr/bin/ld -m elf_x86_64'
LDFLAGS=''
LIBOBJS=''
LIBS='-lprotobuf -lz -lrt -lpthread -llua -llog4cxx -lgd  -lgd -llog4cxx -lhiredis -lpthread -lrt -lz -lprotobuf'
LIBS_MYSQL='-L/usr/lib64/mysql -lmysqlclient -lpthread -lz -lm -lssl -lcrypto -ldl'
LIBS_XML2='-lxml2 -lz -lm -ldl'
LIBTOOL='$(SHELL) $(top_builddir)/libtool'
LIPO=''
LN_S='ln -s'
LTLIBOBJS=''
MAKEINFO='${SHELL} /home/liujinchun/RUDP/age_sdk/missing makeinfo'
MANIFEST_TOOL=':'
MKDIR_P='/usr/bin/mkdir -p'
MYSQL_CONFIG='yes'
NM='/usr/bin/nm -B'
NMEDIT=''
OBJDUMP='objdump'
OBJEXT='o'
OTOOL64=''
OTOOL=''
PACKAGE='age'
PACKAGE_BUGREPORT='jc.liuworld@hotmail.com'
PACKAGE_NAME='AGE'
PACKAGE_STRING='AGE 0.1.0'
PACKAGE_TARNAME='age'
PACKAGE_URL=''
PACKAGE_VERSION='0.1.0'
PATH_SEPARATOR=':'
RANLIB='ranlib'
SED='/usr/bin/sed'
SET_MAKE=''
SHELL='/bin/sh'
STRIP='strip'
VERSION='0.1.0'
XML2_CONFIG='yes'
ac_ct_AR='ar'
ac_ct_CC='gcc'
ac_ct_CXX='g++'
ac_ct_DUMPBIN=''
am__EXEEXT_FALSE=''
am__EXEEXT_TRUE='#'
am__fastdepCC_FALSE='#'
am__fastdepCC_TRUE=''
am__fastdepCXX_FALSE='#'
am__fastdepCXX_TRUE=''
am__include='include'
am__isrc=''
am__leading_dot='.'
am__nodep='_no'
am__quote=''
am__tar='$${TAR-tar} chof - "$$tardir"'
am__untar='$${TAR-tar} xf -'
bindir='${exec_prefix}/bin'
build='x86_64-unknown-linux-gnu'
build_alias=''
build_cpu='x86_64'
build_os='linux-gnu'
build_vendor='unknown'
datadir='${datarootdir}'
datarootdir='${prefix}/share'
docdir='${datarootdir}/doc/${PACKAGE_TARNAME}'
dvidir='${docdir}'
exec_prefix='${prefix}'
host='x86_64-unknown-linux-gnu'
host_alias=''
host_cpu='x86_64'
host_os='linux-gnu'
host_vendor='unknown'
htmldir='${docdir}'
includedir='${prefix}/include'
infodir='${datarootdir}/info'
install_sh='${SHELL} /home/liujinchun/RUDP/age_sdk/install-sh'
libdir='${exec_prefix}/lib'
libexecdir='${exec_prefix}/libexec'
localedir='${datarootdir}/locale'
localstatedir='${prefix}/var'
mandir='${datarootdir}/man'
mkdir_p='$(MKDIR_P)'
oldincludedir='/usr/include'
pdfdir='${docdir}'
prefix='/usr/local'
program_transform_name='s,x,x,'
psdir='${docdir}'
sbindir='${exec_prefix}/sbin'
sharedstatedir='${prefix}/com'
sysconfdir='${prefix}/etc'
target_alias=''

## ----------- ##
## confdefs.h. ##
## ----------- ##

/* confdefs.h */
#define PACKAGE_NAME "AGE"
#define PACKAGE_TARNAME "age"
#define PACKAGE_VERSION "0.1.0"
#define PACKAGE_STRING "AGE 0.1.0"
#define PACKAGE_BUGREPORT "jc.liuworld@hotmail.com"
#define PACKAGE_URL ""
#define PACKAGE "age"
#define VERSION "0.1.0"
#define STDC_HEADERS 1
#define HAVE_SYS_TYPES_H 1
#define HAVE_SYS_STAT_H 1
#define HAVE_STDLIB_H 1
#define HAVE_STRING_H 1
#define HAVE_MEMORY_H 1
#define HAVE_STRINGS_H 1
#define HAVE_INTTYPES_H 1
#define HAVE_STDINT_H 1
#define HAVE_UNISTD_H 1
#define HAVE_DLFCN_H 1
#define LT_OBJDIR ".libs/"
#define HAVE_LIBGD 1
#define HAVE_LIBLOG4CXX 1
#define HAVE_LIBLUA 1
#define HAVE_LIBPTHREAD 1
#define HAVE_LIBRT 1
#define HAVE_LIBZ 1
#define HAVE_LIBPROTOBUF 1
#define STDC_HEADERS 1
#define HAVE_ARPA_INET_H 1
#define HAVE_FCNTL_H 1
#define HAVE_LIMITS_H 1
#define HAVE_STDDEF_H 1
#define HAVE_STDLIB_H 1
#define HAVE_STRING_H 1
#define HAVE_SYS_IOCTL_H 1
#define HAVE_SYS_SOCKET_H 1
#define HAVE_SYS_TIME_H 1
#define HAVE_UNISTD_H 1
#define LSTAT_FOLLOWS_SLASHED_SYMLINK 1
#define LSTAT_FOLLOWS_SLASHED_SYMLINK 1
#define RETSIGTYPE void
#define HAVE_DECL_STRERROR_R 1
#define HAVE_STRERROR_R 1
#define STRERROR_R_CHAR_P 1
#define HAVE_ALARM 1
#define HAVE_BZERO 1
#define HAVE_CLOCK_GETTIME 1
#define HAVE_INET_NTOA 1
#define HAVE_MEMSET 1
#define HAVE_PUTENV 1
#define HAVE_SOCKET 1
#define HAVE_STRCASECMP 1
#define HAVE_STRERROR 1
#define HAVE_STRTOL 1
#define HAVE_TZSET 1

configure: exit 0

## ---------------------- ##
## Running config.status. ##
## ---------------------- ##

This file was extended by AGE config.status 0.1.0, which was
generated by GNU Autoconf 2.69.  Invocation command line was

  CONFIG_FILES    = 
  CONFIG_HEADERS  = 
  CONFIG_LINKS    = 
  CONFIG_COMMANDS = 
  $ ./config.status sdk/Makefile depfiles

on localhost.localdomain

config.status:1188: creating sdk/Makefile
config.status:1417: executing depfiles commands

## ---------------------- ##
## Running config.status. ##
## ---------------------- ##

This file was extended by AGE config.status 0.1.0, which was
generated by GNU Autoconf 2.69.  Invocation command line was

  CONFIG_FILES    = 
  CONFIG_HEADERS  = 
  CONFIG_LINKS    = 
  CONFIG_COMMANDS = 
  $ ./config.status sdk/Makefile depfiles

on localhost.localdomain

config.status:1188: creating sdk/Makefile
config.status:1417: executing depfiles commands

## ---------------------- ##
## Running config.status. ##
## ---------------------- ##

This file was extended by AGE config.status 0.1.0, which was
generated by GNU Autoconf 2.69.  Invocation command line was

  CONFIG_FILES    = 
  CONFIG_HEADERS  = 
  CONFIG_LINKS    = 
  CONFIG_COMMANDS = 
  $ ./config.status sdk/Makefile depfiles

on localhost.localdomain

config.status:1188: creating sdk/Makefile
config.status:1417: executing depfiles commands

## ---------------------- ##
## Running config.status. ##
## ---------------------- ##

This file was extended by AGE config.status 0.1.0, which was
generated by GNU Autoconf 2.69.  Invocation command line was

  CONFIG_FILES    = 
  CONFIG_HEADERS  = 
  CONFIG_LINKS    = 
  CONFIG_COMMANDS = 
  $ ./config.status sdk/Makefile depfiles

on localhost.localdomain

config.status:1188: creating sdk/Makefile
config.status:1417: executing depfiles commands

## ---------------------- ##
## Running config.status. ##
## ---------------------- ##

This file was extended by AGE config.status 0.1.0, which was
generated by GNU Autoconf 2.69.  Invocation command line was

  CONFIG_FILES    = 
  CONFIG_HEADERS  = 
  CONFIG_LINKS    = 
  CONFIG_COMMANDS = 
  $ ./config.status sdk/Makefile depfiles

on localhost.localdomain

config.status:1188: creating sdk/Makefile
config.status:1417: executing depfiles commands
